2025-07-12 02:51:17,247 - INFO - Creating Vendor Summary Table...
2025-07-12 02:52:25,046 - INFO -    VendorNumber                   VendorName  Brand              Description  \
0          1128  BROWN-FORMAN CORP             1233  Jack Daniels No 7 Black   
1          4425        MARTIGNETTI COMPANIES   3405    Tito's Handmade Vodka   
2         17035  PERNOD RICARD USA             8068         Absolut 80 Proof   
3          3960  DIAGEO NORTH AMERICA INC      4261   Capt Morgan Spiced Rum   
4          3960  DIAGEO NORTH AMERICA INC      3545          Ketel One Vodka   

   PurchasePrice  ActualPrice Volume  TotalPurchaseQuantity  \
0          26.27        36.99   1750                 145080   
1          23.19        28.99   1750                 164038   
2          18.24        24.99   1750                 187407   
3          16.17        22.99   1750                 201682   
4          21.89        29.99   1750                 138109   

   TotalPurchaseDollars  TotalSalesQuantity  TotalSalesDollars  \
0            3811251.60            142049.0         5101919.51   
1            3804041.22            160247.0         4819073.49   
2            3418303.68            187140.0         4538120.60   
3            3261197.94            200412.0         4475972.88   
4            3023206.01            135838.0         4223107.62   

   TotalSalesPrice  TotalExciseTax  FreightCost  
0        672819.31       260999.20     68601.68  
1        561512.37       294438.66    144929.24  
2        461140.15       343854.07    123780.22  
3        420050.01       368242.80    257032.07  
4        545778.28       249587.83    257032.07  
2025-07-12 02:52:25,065 - INFO - Cleaning Data...
2025-07-12 02:52:25,103 - INFO -    VendorNumber                VendorName  Brand              Description  \
0          1128         BROWN-FORMAN CORP   1233  Jack Daniels No 7 Black   
1          4425     MARTIGNETTI COMPANIES   3405    Tito's Handmade Vodka   
2         17035         PERNOD RICARD USA   8068         Absolut 80 Proof   
3          3960  DIAGEO NORTH AMERICA INC   4261   Capt Morgan Spiced Rum   
4          3960  DIAGEO NORTH AMERICA INC   3545          Ketel One Vodka   

   PurchasePrice  ActualPrice  Volume  TotalPurchaseQuantity  \
0          26.27        36.99  1750.0                 145080   
1          23.19        28.99  1750.0                 164038   
2          18.24        24.99  1750.0                 187407   
3          16.17        22.99  1750.0                 201682   
4          21.89        29.99  1750.0                 138109   

   TotalPurchaseDollars  TotalSalesQuantity  TotalSalesDollars  \
0            3811251.60            142049.0         5101919.51   
1            3804041.22            160247.0         4819073.49   
2            3418303.68            187140.0         4538120.60   
3            3261197.94            200412.0         4475972.88   
4            3023206.01            135838.0         4223107.62   

   TotalSalesPrice  TotalExciseTax  FreightCost  GrossProfit  ProfitMargin  \
0        672819.31       260999.20     68601.68   1290667.91     25.297693   
1        561512.37       294438.66    144929.24   1015032.27     21.062810   
2        461140.15       343854.07    123780.22   1119816.92     24.675786   
3        420050.01       368242.80    257032.07   1214774.94     27.139908   
4        545778.28       249587.83    257032.07   1199901.61     28.412764   

   StockTurnover  SalestoPurchaseRatio  
0       0.979108              1.338647  
1       0.976890              1.266830  
2       0.998575              1.327594  
3       0.993703              1.372493  
4       0.983556              1.396897  
2025-07-12 02:52:25,113 - INFO - Ingesting Data...
2025-07-12 02:52:25,698 - INFO - Completed
2025-07-12 03:49:02,084 - ERROR - No such comm target registered: jupyter.widget.control
2025-07-12 03:49:02,088 - WARNING - No such comm: 6b73219c-7863-4c15-9934-56fd1ece3954
2025-07-12 03:49:02,088 - DEBUG - Current comms: []
2025-07-12 05:16:23,095 - ERROR - No such comm target registered: jupyter.widget.control
2025-07-12 05:16:23,097 - WARNING - No such comm: 08c13e2b-b96f-4b02-9cf5-116567470a4d
2025-07-12 05:16:23,097 - DEBUG - Current comms: []
2025-07-12 05:30:55,089 - ERROR - No such comm target registered: jupyter.widget.control
2025-07-12 05:30:55,101 - WARNING - No such comm: eac606f6-a308-4375-8469-94403002e9f9
2025-07-12 05:30:55,101 - DEBUG - Current comms: []
2025-07-12 06:08:41,483 - ERROR - No such comm target registered: jupyter.widget.control
2025-07-12 06:08:41,487 - WARNING - No such comm: cd8c9ffc-f09c-4ba7-8c48-ee63ce50e55b
2025-07-12 06:08:41,488 - DEBUG - Current comms: []
2025-07-12 07:55:21,430 - ERROR - No such comm target registered: jupyter.widget.control
2025-07-12 07:55:21,445 - WARNING - No such comm: 5d6b9dd6-0398-4b39-875a-ed56dc5f450c
2025-07-12 07:55:21,445 - DEBUG - Current comms: []
